[2.917s] Invoking command in '/home/inteli/project/Safe-McQueen/src/ros2_ws/safemc': PYTHONPATH=/home/inteli/project/Safe-McQueen/src/ros2_ws/build/safemc/prefix_override:/home/inteli/project/Safe-McQueen/src/ros2_ws/install/safemc/lib/python3.10/site-packages:${PYTHONPATH} /usr/bin/python3 setup.py egg_info --egg-base ../build/safemc build --build-base /home/inteli/project/Safe-McQueen/src/ros2_ws/build/safemc/build install --record /home/inteli/project/Safe-McQueen/src/ros2_ws/build/safemc/install.log --single-version-externally-managed
[4.063s] running egg_info
[4.066s] writing ../build/safemc/safemc.egg-info/PKG-INFO
[4.067s] writing dependency_links to ../build/safemc/safemc.egg-info/dependency_links.txt
[4.071s] writing entry points to ../build/safemc/safemc.egg-info/entry_points.txt
[4.072s] writing requirements to ../build/safemc/safemc.egg-info/requires.txt
[4.072s] writing top-level names to ../build/safemc/safemc.egg-info/top_level.txt
[4.079s] reading manifest file '../build/safemc/safemc.egg-info/SOURCES.txt'
[4.084s] writing manifest file '../build/safemc/safemc.egg-info/SOURCES.txt'
[4.084s] running build
[4.085s] running build_py
[4.090s] running install
[4.091s] /usr/lib/python3/dist-packages/setuptools/command/install.py:34: SetuptoolsDeprecationWarning: setup.py install is deprecated. Use build and pip and other standards-based tools.
[4.091s]   warnings.warn(
[4.094s] running install_lib
[4.100s] running install_data
[4.103s] running install_egg_info
[4.109s] removing '/home/inteli/project/Safe-McQueen/src/ros2_ws/install/safemc/lib/python3.10/site-packages/safemc-0.0.0-py3.10.egg-info' (and everything under it)
[4.110s] Copying ../build/safemc/safemc.egg-info to /home/inteli/project/Safe-McQueen/src/ros2_ws/install/safemc/lib/python3.10/site-packages/safemc-0.0.0-py3.10.egg-info
[4.116s] running install_scripts
[4.194s] Installing go2goal script to /home/inteli/project/Safe-McQueen/src/ros2_ws/install/safemc/lib/safemc
[4.195s] Installing test script to /home/inteli/project/Safe-McQueen/src/ros2_ws/install/safemc/lib/safemc
[4.200s] writing list of installed files to '/home/inteli/project/Safe-McQueen/src/ros2_ws/build/safemc/install.log'
[4.322s] Invoked command in '/home/inteli/project/Safe-McQueen/src/ros2_ws/safemc' returned '0': PYTHONPATH=/home/inteli/project/Safe-McQueen/src/ros2_ws/build/safemc/prefix_override:/home/inteli/project/Safe-McQueen/src/ros2_ws/install/safemc/lib/python3.10/site-packages:${PYTHONPATH} /usr/bin/python3 setup.py egg_info --egg-base ../build/safemc build --build-base /home/inteli/project/Safe-McQueen/src/ros2_ws/build/safemc/build install --record /home/inteli/project/Safe-McQueen/src/ros2_ws/build/safemc/install.log --single-version-externally-managed
