[0.599s] DEBUG:colcon:Command line arguments: ['/usr/bin/colcon', 'build', '--packages-select', 'safemc']
[0.599s] DEBUG:colcon:Parsed command line arguments: Namespace(log_base=None, log_level=None, verb_name='build', build_base='build', install_base='install', merge_install=False, symlink_install=False, test_result_base=None, continue_on_error=False, executor='parallel', parallel_workers=8, event_handlers=None, ignore_user_meta=False, metas=['./colcon.meta'], base_paths=['.'], packages_ignore=None, packages_ignore_regex=None, paths=None, packages_up_to=None, packages_up_to_regex=None, packages_above=None, packages_above_and_dependencies=None, packages_above_depth=None, packages_select_by_dep=None, packages_skip_by_dep=None, packages_skip_up_to=None, packages_select_build_failed=False, packages_skip_build_finished=False, packages_select_test_failures=False, packages_skip_test_passed=False, packages_select=['safemc'], packages_skip=None, packages_select_regex=None, packages_skip_regex=None, packages_start=None, packages_end=None, allow_overriding=[], cmake_args=None, cmake_target=None, cmake_target_skip_unavailable=False, cmake_clean_cache=False, cmake_clean_first=False, cmake_force_configure=False, ament_cmake_args=None, catkin_cmake_args=None, catkin_skip_building_tests=False, verb_parser=<colcon_defaults.argument_parser.defaults.DefaultArgumentsDecorator object at 0x7fec8e1a5a20>, verb_extension=<colcon_core.verb.build.BuildVerb object at 0x7fec8e9b8ee0>, main=<bound method BuildVerb.main of <colcon_core.verb.build.BuildVerb object at 0x7fec8e9b8ee0>>)
[0.670s] Level 1:colcon.colcon_core.package_discovery:discover_packages(colcon_meta) check parameters
[0.670s] Level 1:colcon.colcon_core.package_discovery:discover_packages(recursive) check parameters
[0.670s] Level 1:colcon.colcon_core.package_discovery:discover_packages(ignore) check parameters
[0.670s] Level 1:colcon.colcon_core.package_discovery:discover_packages(path) check parameters
[0.670s] Level 1:colcon.colcon_core.package_discovery:discover_packages(colcon_meta) discover
[0.670s] Level 1:colcon.colcon_core.package_discovery:discover_packages(recursive) discover
[0.670s] INFO:colcon.colcon_core.package_discovery:Crawling recursively for packages in '/home/lukovsk/github/meus_repositorios/Safe-McQueen/src/ros2_ws'
[0.671s] Level 1:colcon.colcon_core.package_identification:_identify(.) by extensions ['ignore', 'ignore_ament_install']
[0.671s] Level 1:colcon.colcon_core.package_identification:_identify(.) by extension 'ignore'
[0.671s] Level 1:colcon.colcon_core.package_identification:_identify(.) by extension 'ignore_ament_install'
[0.671s] Level 1:colcon.colcon_core.package_identification:_identify(.) by extensions ['colcon_pkg']
[0.671s] Level 1:colcon.colcon_core.package_identification:_identify(.) by extension 'colcon_pkg'
[0.671s] Level 1:colcon.colcon_core.package_identification:_identify(.) by extensions ['colcon_meta']
[0.671s] Level 1:colcon.colcon_core.package_identification:_identify(.) by extension 'colcon_meta'
[0.671s] Level 1:colcon.colcon_core.package_identification:_identify(.) by extensions ['ros']
[0.671s] Level 1:colcon.colcon_core.package_identification:_identify(.) by extension 'ros'
[0.689s] Level 1:colcon.colcon_core.package_identification:_identify(.) by extensions ['cmake', 'python']
[0.689s] Level 1:colcon.colcon_core.package_identification:_identify(.) by extension 'cmake'
[0.689s] Level 1:colcon.colcon_core.package_identification:_identify(.) by extension 'python'
[0.689s] Level 1:colcon.colcon_core.package_identification:_identify(.) by extensions ['python_setup_py']
[0.689s] Level 1:colcon.colcon_core.package_identification:_identify(.) by extension 'python_setup_py'
[0.690s] Level 1:colcon.colcon_core.package_identification:_identify(build) by extensions ['ignore', 'ignore_ament_install']
[0.690s] Level 1:colcon.colcon_core.package_identification:_identify(build) by extension 'ignore'
[0.690s] Level 1:colcon.colcon_core.package_identification:_identify(build) ignored
[0.690s] Level 1:colcon.colcon_core.package_identification:_identify(install) by extensions ['ignore', 'ignore_ament_install']
[0.690s] Level 1:colcon.colcon_core.package_identification:_identify(install) by extension 'ignore'
[0.690s] Level 1:colcon.colcon_core.package_identification:_identify(install) ignored
[0.690s] Level 1:colcon.colcon_core.package_identification:_identify(log) by extensions ['ignore', 'ignore_ament_install']
[0.690s] Level 1:colcon.colcon_core.package_identification:_identify(log) by extension 'ignore'
[0.690s] Level 1:colcon.colcon_core.package_identification:_identify(log) ignored
[0.691s] Level 1:colcon.colcon_core.package_identification:_identify(safemc) by extensions ['ignore', 'ignore_ament_install']
[0.691s] Level 1:colcon.colcon_core.package_identification:_identify(safemc) by extension 'ignore'
[0.691s] Level 1:colcon.colcon_core.package_identification:_identify(safemc) by extension 'ignore_ament_install'
[0.691s] Level 1:colcon.colcon_core.package_identification:_identify(safemc) by extensions ['colcon_pkg']
[0.691s] Level 1:colcon.colcon_core.package_identification:_identify(safemc) by extension 'colcon_pkg'
[0.691s] Level 1:colcon.colcon_core.package_identification:_identify(safemc) by extensions ['colcon_meta']
[0.691s] Level 1:colcon.colcon_core.package_identification:_identify(safemc) by extension 'colcon_meta'
[0.691s] Level 1:colcon.colcon_core.package_identification:_identify(safemc) by extensions ['ros']
[0.691s] Level 1:colcon.colcon_core.package_identification:_identify(safemc) by extension 'ros'
[0.700s] DEBUG:colcon.colcon_core.package_identification:Package 'safemc' with type 'ros.ament_python' and name 'safemc'
[0.700s] Level 1:colcon.colcon_core.package_discovery:discover_packages(recursive) using defaults
[0.700s] Level 1:colcon.colcon_core.package_discovery:discover_packages(ignore) discover
[0.700s] Level 1:colcon.colcon_core.package_discovery:discover_packages(ignore) using defaults
[0.700s] Level 1:colcon.colcon_core.package_discovery:discover_packages(path) discover
[0.700s] Level 1:colcon.colcon_core.package_discovery:discover_packages(path) using defaults
[0.731s] Level 1:colcon.colcon_core.package_discovery:discover_packages(prefix_path) check parameters
[0.731s] Level 1:colcon.colcon_core.package_discovery:discover_packages(prefix_path) discover
[0.733s] Level 1:colcon.colcon_core.package_discovery:discover_packages(prefix_path) using defaults
[0.736s] Level 5:colcon.colcon_core.verb:set package 'safemc' build argument 'cmake_args' from command line to 'None'
[0.736s] Level 5:colcon.colcon_core.verb:set package 'safemc' build argument 'cmake_target' from command line to 'None'
[0.736s] Level 5:colcon.colcon_core.verb:set package 'safemc' build argument 'cmake_target_skip_unavailable' from command line to 'False'
[0.736s] Level 5:colcon.colcon_core.verb:set package 'safemc' build argument 'cmake_clean_cache' from command line to 'False'
[0.736s] Level 5:colcon.colcon_core.verb:set package 'safemc' build argument 'cmake_clean_first' from command line to 'False'
[0.736s] Level 5:colcon.colcon_core.verb:set package 'safemc' build argument 'cmake_force_configure' from command line to 'False'
[0.736s] Level 5:colcon.colcon_core.verb:set package 'safemc' build argument 'ament_cmake_args' from command line to 'None'
[0.737s] Level 5:colcon.colcon_core.verb:set package 'safemc' build argument 'catkin_cmake_args' from command line to 'None'
[0.737s] Level 5:colcon.colcon_core.verb:set package 'safemc' build argument 'catkin_skip_building_tests' from command line to 'False'
[0.737s] DEBUG:colcon.colcon_core.verb:Building package 'safemc' with the following arguments: {'ament_cmake_args': None, 'build_base': '/home/lukovsk/github/meus_repositorios/Safe-McQueen/src/ros2_ws/build/safemc', 'catkin_cmake_args': None, 'catkin_skip_building_tests': False, 'cmake_args': None, 'cmake_clean_cache': False, 'cmake_clean_first': False, 'cmake_force_configure': False, 'cmake_target': None, 'cmake_target_skip_unavailable': False, 'install_base': '/home/lukovsk/github/meus_repositorios/Safe-McQueen/src/ros2_ws/install/safemc', 'merge_install': False, 'path': '/home/lukovsk/github/meus_repositorios/Safe-McQueen/src/ros2_ws/safemc', 'symlink_install': False, 'test_result_base': None}
[0.737s] INFO:colcon.colcon_core.executor:Executing jobs using 'parallel' executor
[0.740s] DEBUG:colcon.colcon_parallel_executor.executor.parallel:run_until_complete
[0.741s] INFO:colcon.colcon_ros.task.ament_python.build:Building ROS package in '/home/lukovsk/github/meus_repositorios/Safe-McQueen/src/ros2_ws/safemc' with build type 'ament_python'
[0.741s] Level 1:colcon.colcon_core.shell:create_environment_hook('safemc', 'ament_prefix_path')
[0.750s] INFO:colcon.colcon_core.plugin_system:Skipping extension 'colcon_core.shell.bat': Not used on non-Windows systems
[0.750s] INFO:colcon.colcon_core.shell:Creating environment hook '/home/lukovsk/github/meus_repositorios/Safe-McQueen/src/ros2_ws/install/safemc/share/safemc/hook/ament_prefix_path.ps1'
[0.754s] INFO:colcon.colcon_core.shell:Creating environment descriptor '/home/lukovsk/github/meus_repositorios/Safe-McQueen/src/ros2_ws/install/safemc/share/safemc/hook/ament_prefix_path.dsv'
[0.755s] INFO:colcon.colcon_core.shell:Creating environment hook '/home/lukovsk/github/meus_repositorios/Safe-McQueen/src/ros2_ws/install/safemc/share/safemc/hook/ament_prefix_path.sh'
[0.758s] INFO:colcon.colcon_core.shell:Skip shell extension 'powershell' for command environment: Not usable outside of PowerShell
[0.758s] DEBUG:colcon.colcon_core.shell:Skip shell extension 'dsv' for command environment
[0.946s] INFO:colcon.colcon_core.task.python.build:Building Python package in '/home/lukovsk/github/meus_repositorios/Safe-McQueen/src/ros2_ws/safemc'
[0.947s] INFO:colcon.colcon_core.shell:Skip shell extension 'powershell' for command environment: Not usable outside of PowerShell
[0.948s] DEBUG:colcon.colcon_core.shell:Skip shell extension 'dsv' for command environment
[1.359s] DEBUG:colcon.colcon_core.event_handler.log_command:Invoking command in '/home/lukovsk/github/meus_repositorios/Safe-McQueen/src/ros2_ws/safemc': PYTHONPATH=/home/lukovsk/github/meus_repositorios/Safe-McQueen/src/ros2_ws/build/safemc/prefix_override:/home/lukovsk/github/meus_repositorios/Safe-McQueen/src/ros2_ws/install/safemc/lib/python3.10/site-packages: /usr/bin/python3 setup.py egg_info --egg-base ../build/safemc build --build-base /home/lukovsk/github/meus_repositorios/Safe-McQueen/src/ros2_ws/build/safemc/build install --record /home/lukovsk/github/meus_repositorios/Safe-McQueen/src/ros2_ws/build/safemc/install.log --single-version-externally-managed
[1.572s] DEBUG:colcon.colcon_core.event_handler.log_command:Invoked command in '/home/lukovsk/github/meus_repositorios/Safe-McQueen/src/ros2_ws/safemc' returned '0': PYTHONPATH=/home/lukovsk/github/meus_repositorios/Safe-McQueen/src/ros2_ws/build/safemc/prefix_override:/home/lukovsk/github/meus_repositorios/Safe-McQueen/src/ros2_ws/install/safemc/lib/python3.10/site-packages: /usr/bin/python3 setup.py egg_info --egg-base ../build/safemc build --build-base /home/lukovsk/github/meus_repositorios/Safe-McQueen/src/ros2_ws/build/safemc/build install --record /home/lukovsk/github/meus_repositorios/Safe-McQueen/src/ros2_ws/build/safemc/install.log --single-version-externally-managed
[1.584s] Level 1:colcon.colcon_core.environment:checking '/home/lukovsk/github/meus_repositorios/Safe-McQueen/src/ros2_ws/install/safemc' for CMake module files
[1.585s] Level 1:colcon.colcon_core.environment:checking '/home/lukovsk/github/meus_repositorios/Safe-McQueen/src/ros2_ws/install/safemc' for CMake config files
[1.586s] Level 1:colcon.colcon_core.environment:checking '/home/lukovsk/github/meus_repositorios/Safe-McQueen/src/ros2_ws/install/safemc/lib'
[1.586s] Level 1:colcon.colcon_core.environment:checking '/home/lukovsk/github/meus_repositorios/Safe-McQueen/src/ros2_ws/install/safemc/bin'
[1.586s] Level 1:colcon.colcon_core.environment:checking '/home/lukovsk/github/meus_repositorios/Safe-McQueen/src/ros2_ws/install/safemc/lib/pkgconfig/safemc.pc'
[1.586s] Level 1:colcon.colcon_core.environment:checking '/home/lukovsk/github/meus_repositorios/Safe-McQueen/src/ros2_ws/install/safemc/lib/python3.10/site-packages'
[1.587s] Level 1:colcon.colcon_core.shell:create_environment_hook('safemc', 'pythonpath')
[1.588s] INFO:colcon.colcon_core.shell:Creating environment hook '/home/lukovsk/github/meus_repositorios/Safe-McQueen/src/ros2_ws/install/safemc/share/safemc/hook/pythonpath.ps1'
[1.588s] INFO:colcon.colcon_core.shell:Creating environment descriptor '/home/lukovsk/github/meus_repositorios/Safe-McQueen/src/ros2_ws/install/safemc/share/safemc/hook/pythonpath.dsv'
[1.588s] INFO:colcon.colcon_core.shell:Creating environment hook '/home/lukovsk/github/meus_repositorios/Safe-McQueen/src/ros2_ws/install/safemc/share/safemc/hook/pythonpath.sh'
[1.589s] Level 1:colcon.colcon_core.environment:checking '/home/lukovsk/github/meus_repositorios/Safe-McQueen/src/ros2_ws/install/safemc/bin'
[1.589s] Level 1:colcon.colcon_core.environment:create_environment_scripts_only(safemc)
[1.590s] INFO:colcon.colcon_core.shell:Creating package script '/home/lukovsk/github/meus_repositorios/Safe-McQueen/src/ros2_ws/install/safemc/share/safemc/package.ps1'
[1.591s] INFO:colcon.colcon_core.shell:Creating package descriptor '/home/lukovsk/github/meus_repositorios/Safe-McQueen/src/ros2_ws/install/safemc/share/safemc/package.dsv'
[1.592s] INFO:colcon.colcon_core.shell:Creating package script '/home/lukovsk/github/meus_repositorios/Safe-McQueen/src/ros2_ws/install/safemc/share/safemc/package.sh'
[1.593s] INFO:colcon.colcon_core.shell:Creating package script '/home/lukovsk/github/meus_repositorios/Safe-McQueen/src/ros2_ws/install/safemc/share/safemc/package.bash'
[1.595s] INFO:colcon.colcon_core.shell:Creating package script '/home/lukovsk/github/meus_repositorios/Safe-McQueen/src/ros2_ws/install/safemc/share/safemc/package.zsh'
[1.596s] Level 1:colcon.colcon_core.environment:create_file_with_runtime_dependencies(/home/lukovsk/github/meus_repositorios/Safe-McQueen/src/ros2_ws/install/safemc/share/colcon-core/packages/safemc)
[1.596s] DEBUG:colcon.colcon_parallel_executor.executor.parallel:closing loop
[1.596s] DEBUG:colcon.colcon_parallel_executor.executor.parallel:loop closed
[1.597s] DEBUG:colcon.colcon_parallel_executor.executor.parallel:run_until_complete finished with '0'
[1.598s] DEBUG:colcon.colcon_core.event_reactor:joining thread
[1.688s] INFO:colcon.colcon_core.plugin_system:Skipping extension 'colcon_notification.desktop_notification.notify_send': Could not find 'notify-send'
[1.688s] INFO:colcon.colcon_core.plugin_system:Skipping extension 'colcon_notification.desktop_notification.terminal_notifier': Not used on non-Darwin systems
[1.688s] INFO:colcon.colcon_core.plugin_system:Skipping extension 'colcon_notification.desktop_notification.win32': Not used on non-Windows systems
[1.688s] INFO:colcon.colcon_notification.desktop_notification:Sending desktop notification using 'notify2'
[1.758s] DEBUG:colcon.colcon_notification.desktop_notification.notify2:Failed to initialize notify2: org.freedesktop.DBus.Error.ServiceUnknown: The name org.freedesktop.Notifications was not provided by any .service files
[1.758s] DEBUG:colcon.colcon_core.event_reactor:joined thread
[1.761s] INFO:colcon.colcon_core.shell:Creating prefix script '/home/lukovsk/github/meus_repositorios/Safe-McQueen/src/ros2_ws/install/local_setup.ps1'
[1.764s] INFO:colcon.colcon_core.shell:Creating prefix util module '/home/lukovsk/github/meus_repositorios/Safe-McQueen/src/ros2_ws/install/_local_setup_util_ps1.py'
[1.766s] INFO:colcon.colcon_core.shell:Creating prefix chain script '/home/lukovsk/github/meus_repositorios/Safe-McQueen/src/ros2_ws/install/setup.ps1'
[1.768s] INFO:colcon.colcon_core.shell:Creating prefix script '/home/lukovsk/github/meus_repositorios/Safe-McQueen/src/ros2_ws/install/local_setup.sh'
[1.769s] INFO:colcon.colcon_core.shell:Creating prefix util module '/home/lukovsk/github/meus_repositorios/Safe-McQueen/src/ros2_ws/install/_local_setup_util_sh.py'
[1.770s] INFO:colcon.colcon_core.shell:Creating prefix chain script '/home/lukovsk/github/meus_repositorios/Safe-McQueen/src/ros2_ws/install/setup.sh'
[1.772s] INFO:colcon.colcon_core.shell:Creating prefix script '/home/lukovsk/github/meus_repositorios/Safe-McQueen/src/ros2_ws/install/local_setup.bash'
[1.774s] INFO:colcon.colcon_core.shell:Creating prefix chain script '/home/lukovsk/github/meus_repositorios/Safe-McQueen/src/ros2_ws/install/setup.bash'
[1.775s] INFO:colcon.colcon_core.shell:Creating prefix script '/home/lukovsk/github/meus_repositorios/Safe-McQueen/src/ros2_ws/install/local_setup.zsh'
[1.777s] INFO:colcon.colcon_core.shell:Creating prefix chain script '/home/lukovsk/github/meus_repositorios/Safe-McQueen/src/ros2_ws/install/setup.zsh'
