[1.477s] DEBUG:colcon:Command line arguments: ['/usr/bin/colcon', 'build', '--packages-select', 'safemc']
[1.478s] DEBUG:colcon:Parsed command line arguments: Namespace(log_base=None, log_level=None, verb_name='build', build_base='build', install_base='install', merge_install=False, symlink_install=False, test_result_base=None, continue_on_error=False, executor='parallel', parallel_workers=4, event_handlers=None, ignore_user_meta=False, metas=['./colcon.meta'], base_paths=['.'], packages_ignore=None, packages_ignore_regex=None, paths=None, packages_up_to=None, packages_up_to_regex=None, packages_above=None, packages_above_and_dependencies=None, packages_above_depth=None, packages_select_by_dep=None, packages_skip_by_dep=None, packages_skip_up_to=None, packages_select_build_failed=False, packages_skip_build_finished=False, packages_select_test_failures=False, packages_skip_test_passed=False, packages_select=['safemc'], packages_skip=None, packages_select_regex=None, packages_skip_regex=None, packages_start=None, packages_end=None, allow_overriding=[], cmake_args=None, cmake_target=None, cmake_target_skip_unavailable=False, cmake_clean_cache=False, cmake_clean_first=False, cmake_force_configure=False, ament_cmake_args=None, catkin_cmake_args=None, catkin_skip_building_tests=False, verb_parser=<colcon_defaults.argument_parser.defaults.DefaultArgumentsDecorator object at 0xffff7eba3e80>, verb_extension=<colcon_core.verb.build.BuildVerb object at 0xffff7f4833d0>, main=<bound method BuildVerb.main of <colcon_core.verb.build.BuildVerb object at 0xffff7f4833d0>>)
[1.614s] Level 1:colcon.colcon_core.package_discovery:discover_packages(colcon_meta) check parameters
[1.615s] Level 1:colcon.colcon_core.package_discovery:discover_packages(recursive) check parameters
[1.615s] Level 1:colcon.colcon_core.package_discovery:discover_packages(ignore) check parameters
[1.615s] Level 1:colcon.colcon_core.package_discovery:discover_packages(path) check parameters
[1.615s] Level 1:colcon.colcon_core.package_discovery:discover_packages(colcon_meta) discover
[1.615s] Level 1:colcon.colcon_core.package_discovery:discover_packages(recursive) discover
[1.616s] INFO:colcon.colcon_core.package_discovery:Crawling recursively for packages in '/home/inteli/project/Safe-McQueen/src/ros2_ws'
[1.616s] Level 1:colcon.colcon_core.package_identification:_identify(.) by extensions ['ignore', 'ignore_ament_install']
[1.617s] Level 1:colcon.colcon_core.package_identification:_identify(.) by extension 'ignore'
[1.617s] Level 1:colcon.colcon_core.package_identification:_identify(.) by extension 'ignore_ament_install'
[1.617s] Level 1:colcon.colcon_core.package_identification:_identify(.) by extensions ['colcon_pkg']
[1.617s] Level 1:colcon.colcon_core.package_identification:_identify(.) by extension 'colcon_pkg'
[1.617s] Level 1:colcon.colcon_core.package_identification:_identify(.) by extensions ['colcon_meta']
[1.617s] Level 1:colcon.colcon_core.package_identification:_identify(.) by extension 'colcon_meta'
[1.618s] Level 1:colcon.colcon_core.package_identification:_identify(.) by extensions ['ros']
[1.618s] Level 1:colcon.colcon_core.package_identification:_identify(.) by extension 'ros'
[1.665s] Level 1:colcon.colcon_core.package_identification:_identify(.) by extensions ['cmake', 'python']
[1.666s] Level 1:colcon.colcon_core.package_identification:_identify(.) by extension 'cmake'
[1.666s] Level 1:colcon.colcon_core.package_identification:_identify(.) by extension 'python'
[1.666s] Level 1:colcon.colcon_core.package_identification:_identify(.) by extensions ['python_setup_py']
[1.666s] Level 1:colcon.colcon_core.package_identification:_identify(.) by extension 'python_setup_py'
[1.667s] Level 1:colcon.colcon_core.package_identification:_identify(build) by extensions ['ignore', 'ignore_ament_install']
[1.667s] Level 1:colcon.colcon_core.package_identification:_identify(build) by extension 'ignore'
[1.667s] Level 1:colcon.colcon_core.package_identification:_identify(build) ignored
[1.668s] Level 1:colcon.colcon_core.package_identification:_identify(install) by extensions ['ignore', 'ignore_ament_install']
[1.669s] Level 1:colcon.colcon_core.package_identification:_identify(install) by extension 'ignore'
[1.669s] Level 1:colcon.colcon_core.package_identification:_identify(install) ignored
[1.670s] Level 1:colcon.colcon_core.package_identification:_identify(log) by extensions ['ignore', 'ignore_ament_install']
[1.670s] Level 1:colcon.colcon_core.package_identification:_identify(log) by extension 'ignore'
[1.670s] Level 1:colcon.colcon_core.package_identification:_identify(log) ignored
[1.671s] Level 1:colcon.colcon_core.package_identification:_identify(safemc) by extensions ['ignore', 'ignore_ament_install']
[1.671s] Level 1:colcon.colcon_core.package_identification:_identify(safemc) by extension 'ignore'
[1.672s] Level 1:colcon.colcon_core.package_identification:_identify(safemc) by extension 'ignore_ament_install'
[1.672s] Level 1:colcon.colcon_core.package_identification:_identify(safemc) by extensions ['colcon_pkg']
[1.672s] Level 1:colcon.colcon_core.package_identification:_identify(safemc) by extension 'colcon_pkg'
[1.672s] Level 1:colcon.colcon_core.package_identification:_identify(safemc) by extensions ['colcon_meta']
[1.672s] Level 1:colcon.colcon_core.package_identification:_identify(safemc) by extension 'colcon_meta'
[1.673s] Level 1:colcon.colcon_core.package_identification:_identify(safemc) by extensions ['ros']
[1.673s] Level 1:colcon.colcon_core.package_identification:_identify(safemc) by extension 'ros'
[1.682s] DEBUG:colcon.colcon_core.package_identification:Package 'safemc' with type 'ros.ament_python' and name 'safemc'
[1.682s] Level 1:colcon.colcon_core.package_discovery:discover_packages(recursive) using defaults
[1.683s] Level 1:colcon.colcon_core.package_discovery:discover_packages(ignore) discover
[1.683s] Level 1:colcon.colcon_core.package_discovery:discover_packages(ignore) using defaults
[1.683s] Level 1:colcon.colcon_core.package_discovery:discover_packages(path) discover
[1.683s] Level 1:colcon.colcon_core.package_discovery:discover_packages(path) using defaults
[1.777s] Level 1:colcon.colcon_core.package_discovery:discover_packages(prefix_path) check parameters
[1.778s] Level 1:colcon.colcon_core.package_discovery:discover_packages(prefix_path) discover
[1.791s] DEBUG:colcon.colcon_installed_package_information.package_discovery:Found 1 installed packages in /home/inteli/project/Safe-McQueen/src/ros2_ws/install
[1.795s] DEBUG:colcon.colcon_installed_package_information.package_discovery:Found 2 installed packages in /home/inteli/turtlebot3_ws/install
[1.807s] DEBUG:colcon.colcon_installed_package_information.package_discovery:Found 337 installed packages in /opt/ros/humble
[1.816s] Level 1:colcon.colcon_core.package_discovery:discover_packages(prefix_path) using defaults
[2.129s] Level 5:colcon.colcon_core.verb:set package 'safemc' build argument 'cmake_args' from command line to 'None'
[2.129s] Level 5:colcon.colcon_core.verb:set package 'safemc' build argument 'cmake_target' from command line to 'None'
[2.130s] Level 5:colcon.colcon_core.verb:set package 'safemc' build argument 'cmake_target_skip_unavailable' from command line to 'False'
[2.130s] Level 5:colcon.colcon_core.verb:set package 'safemc' build argument 'cmake_clean_cache' from command line to 'False'
[2.130s] Level 5:colcon.colcon_core.verb:set package 'safemc' build argument 'cmake_clean_first' from command line to 'False'
[2.130s] Level 5:colcon.colcon_core.verb:set package 'safemc' build argument 'cmake_force_configure' from command line to 'False'
[2.130s] Level 5:colcon.colcon_core.verb:set package 'safemc' build argument 'ament_cmake_args' from command line to 'None'
[2.130s] Level 5:colcon.colcon_core.verb:set package 'safemc' build argument 'catkin_cmake_args' from command line to 'None'
[2.130s] Level 5:colcon.colcon_core.verb:set package 'safemc' build argument 'catkin_skip_building_tests' from command line to 'False'
[2.130s] DEBUG:colcon.colcon_core.verb:Building package 'safemc' with the following arguments: {'ament_cmake_args': None, 'build_base': '/home/inteli/project/Safe-McQueen/src/ros2_ws/build/safemc', 'catkin_cmake_args': None, 'catkin_skip_building_tests': False, 'cmake_args': None, 'cmake_clean_cache': False, 'cmake_clean_first': False, 'cmake_force_configure': False, 'cmake_target': None, 'cmake_target_skip_unavailable': False, 'install_base': '/home/inteli/project/Safe-McQueen/src/ros2_ws/install/safemc', 'merge_install': False, 'path': '/home/inteli/project/Safe-McQueen/src/ros2_ws/safemc', 'symlink_install': False, 'test_result_base': None}
[2.134s] INFO:colcon.colcon_core.executor:Executing jobs using 'parallel' executor
[2.146s] DEBUG:colcon.colcon_parallel_executor.executor.parallel:run_until_complete
[2.147s] INFO:colcon.colcon_ros.task.ament_python.build:Building ROS package in '/home/inteli/project/Safe-McQueen/src/ros2_ws/safemc' with build type 'ament_python'
[2.150s] Level 1:colcon.colcon_core.shell:create_environment_hook('safemc', 'ament_prefix_path')
[2.172s] INFO:colcon.colcon_core.plugin_system:Skipping extension 'colcon_core.shell.bat': Not used on non-Windows systems
[2.173s] INFO:colcon.colcon_core.shell:Creating environment hook '/home/inteli/project/Safe-McQueen/src/ros2_ws/install/safemc/share/safemc/hook/ament_prefix_path.ps1'
[2.175s] INFO:colcon.colcon_core.shell:Creating environment descriptor '/home/inteli/project/Safe-McQueen/src/ros2_ws/install/safemc/share/safemc/hook/ament_prefix_path.dsv'
[2.179s] INFO:colcon.colcon_core.shell:Creating environment hook '/home/inteli/project/Safe-McQueen/src/ros2_ws/install/safemc/share/safemc/hook/ament_prefix_path.sh'
[2.187s] INFO:colcon.colcon_core.shell:Skip shell extension 'powershell' for command environment: Not usable outside of PowerShell
[2.188s] DEBUG:colcon.colcon_core.shell:Skip shell extension 'dsv' for command environment
[3.449s] INFO:colcon.colcon_core.task.python.build:Building Python package in '/home/inteli/project/Safe-McQueen/src/ros2_ws/safemc'
[3.454s] INFO:colcon.colcon_core.shell:Skip shell extension 'powershell' for command environment: Not usable outside of PowerShell
[3.454s] DEBUG:colcon.colcon_core.shell:Skip shell extension 'dsv' for command environment
[5.115s] DEBUG:colcon.colcon_core.event_handler.log_command:Invoking command in '/home/inteli/project/Safe-McQueen/src/ros2_ws/safemc': PYTHONPATH=/home/inteli/project/Safe-McQueen/src/ros2_ws/build/safemc/prefix_override:/home/inteli/project/Safe-McQueen/src/ros2_ws/install/safemc/lib/python3.10/site-packages:${PYTHONPATH} /usr/bin/python3 setup.py egg_info --egg-base ../build/safemc build --build-base /home/inteli/project/Safe-McQueen/src/ros2_ws/build/safemc/build install --record /home/inteli/project/Safe-McQueen/src/ros2_ws/build/safemc/install.log --single-version-externally-managed
[6.512s] DEBUG:colcon.colcon_core.event_handler.log_command:Invoked command in '/home/inteli/project/Safe-McQueen/src/ros2_ws/safemc' returned '0': PYTHONPATH=/home/inteli/project/Safe-McQueen/src/ros2_ws/build/safemc/prefix_override:/home/inteli/project/Safe-McQueen/src/ros2_ws/install/safemc/lib/python3.10/site-packages:${PYTHONPATH} /usr/bin/python3 setup.py egg_info --egg-base ../build/safemc build --build-base /home/inteli/project/Safe-McQueen/src/ros2_ws/build/safemc/build install --record /home/inteli/project/Safe-McQueen/src/ros2_ws/build/safemc/install.log --single-version-externally-managed
[6.553s] Level 1:colcon.colcon_core.environment:checking '/home/inteli/project/Safe-McQueen/src/ros2_ws/install/safemc' for CMake module files
[6.555s] Level 1:colcon.colcon_core.environment:checking '/home/inteli/project/Safe-McQueen/src/ros2_ws/install/safemc' for CMake config files
[6.560s] Level 1:colcon.colcon_core.environment:checking '/home/inteli/project/Safe-McQueen/src/ros2_ws/install/safemc/lib'
[6.561s] Level 1:colcon.colcon_core.environment:checking '/home/inteli/project/Safe-McQueen/src/ros2_ws/install/safemc/bin'
[6.562s] Level 1:colcon.colcon_core.environment:checking '/home/inteli/project/Safe-McQueen/src/ros2_ws/install/safemc/lib/pkgconfig/safemc.pc'
[6.563s] Level 1:colcon.colcon_core.environment:checking '/home/inteli/project/Safe-McQueen/src/ros2_ws/install/safemc/lib/python3.10/site-packages'
[6.564s] Level 1:colcon.colcon_core.shell:create_environment_hook('safemc', 'pythonpath')
[6.570s] INFO:colcon.colcon_core.shell:Creating environment hook '/home/inteli/project/Safe-McQueen/src/ros2_ws/install/safemc/share/safemc/hook/pythonpath.ps1'
[6.573s] INFO:colcon.colcon_core.shell:Creating environment descriptor '/home/inteli/project/Safe-McQueen/src/ros2_ws/install/safemc/share/safemc/hook/pythonpath.dsv'
[6.575s] INFO:colcon.colcon_core.shell:Creating environment hook '/home/inteli/project/Safe-McQueen/src/ros2_ws/install/safemc/share/safemc/hook/pythonpath.sh'
[6.578s] Level 1:colcon.colcon_core.environment:checking '/home/inteli/project/Safe-McQueen/src/ros2_ws/install/safemc/bin'
[6.579s] Level 1:colcon.colcon_core.environment:create_environment_scripts_only(safemc)
[6.584s] INFO:colcon.colcon_core.shell:Creating package script '/home/inteli/project/Safe-McQueen/src/ros2_ws/install/safemc/share/safemc/package.ps1'
[6.588s] INFO:colcon.colcon_core.shell:Creating package descriptor '/home/inteli/project/Safe-McQueen/src/ros2_ws/install/safemc/share/safemc/package.dsv'
[6.591s] INFO:colcon.colcon_core.shell:Creating package script '/home/inteli/project/Safe-McQueen/src/ros2_ws/install/safemc/share/safemc/package.sh'
[6.595s] INFO:colcon.colcon_core.shell:Creating package script '/home/inteli/project/Safe-McQueen/src/ros2_ws/install/safemc/share/safemc/package.bash'
[6.598s] INFO:colcon.colcon_core.shell:Creating package script '/home/inteli/project/Safe-McQueen/src/ros2_ws/install/safemc/share/safemc/package.zsh'
[6.601s] Level 1:colcon.colcon_core.environment:create_file_with_runtime_dependencies(/home/inteli/project/Safe-McQueen/src/ros2_ws/install/safemc/share/colcon-core/packages/safemc)
[6.603s] DEBUG:colcon.colcon_parallel_executor.executor.parallel:closing loop
[6.605s] DEBUG:colcon.colcon_parallel_executor.executor.parallel:loop closed
[6.605s] DEBUG:colcon.colcon_parallel_executor.executor.parallel:run_until_complete finished with '0'
[6.606s] DEBUG:colcon.colcon_core.event_reactor:joining thread
[6.634s] INFO:colcon.colcon_core.plugin_system:Skipping extension 'colcon_notification.desktop_notification.notify_send': Could not find 'notify-send'
[6.635s] INFO:colcon.colcon_core.plugin_system:Skipping extension 'colcon_notification.desktop_notification.terminal_notifier': Not used on non-Darwin systems
[6.635s] INFO:colcon.colcon_core.plugin_system:Skipping extension 'colcon_notification.desktop_notification.win32': Not used on non-Windows systems
[6.636s] INFO:colcon.colcon_notification.desktop_notification:Sending desktop notification using 'notify2'
[6.639s] DEBUG:colcon.colcon_notification.desktop_notification.notify2:Failed to initialize notify2: org.freedesktop.DBus.Error.ServiceUnknown: The name org.freedesktop.Notifications was not provided by any .service files
[6.639s] DEBUG:colcon.colcon_core.event_reactor:joined thread
[6.645s] INFO:colcon.colcon_core.shell:Creating prefix script '/home/inteli/project/Safe-McQueen/src/ros2_ws/install/local_setup.ps1'
[6.648s] INFO:colcon.colcon_core.shell:Creating prefix util module '/home/inteli/project/Safe-McQueen/src/ros2_ws/install/_local_setup_util_ps1.py'
[6.654s] INFO:colcon.colcon_core.shell:Creating prefix chain script '/home/inteli/project/Safe-McQueen/src/ros2_ws/install/setup.ps1'
[6.660s] INFO:colcon.colcon_core.shell:Creating prefix script '/home/inteli/project/Safe-McQueen/src/ros2_ws/install/local_setup.sh'
[6.663s] INFO:colcon.colcon_core.shell:Creating prefix util module '/home/inteli/project/Safe-McQueen/src/ros2_ws/install/_local_setup_util_sh.py'
[6.665s] INFO:colcon.colcon_core.shell:Creating prefix chain script '/home/inteli/project/Safe-McQueen/src/ros2_ws/install/setup.sh'
[6.671s] INFO:colcon.colcon_core.shell:Creating prefix script '/home/inteli/project/Safe-McQueen/src/ros2_ws/install/local_setup.bash'
[6.676s] INFO:colcon.colcon_core.shell:Creating prefix chain script '/home/inteli/project/Safe-McQueen/src/ros2_ws/install/setup.bash'
[6.682s] INFO:colcon.colcon_core.shell:Creating prefix script '/home/inteli/project/Safe-McQueen/src/ros2_ws/install/local_setup.zsh'
[6.684s] INFO:colcon.colcon_core.shell:Creating prefix chain script '/home/inteli/project/Safe-McQueen/src/ros2_ws/install/setup.zsh'
