[3.397s] Invoking command in '/home/inteli/project/Safe-McQueen/src/ros2_ws/safemc': PYTHONPATH=/home/inteli/project/Safe-McQueen/src/ros2_ws/build/safemc/prefix_override:/home/inteli/project/Safe-McQueen/src/ros2_ws/install/safemc/lib/python3.10/site-packages:${PYTHONPATH} /usr/bin/python3 setup.py egg_info --egg-base ../build/safemc build --build-base /home/inteli/project/Safe-McQueen/src/ros2_ws/build/safemc/build install --record /home/inteli/project/Safe-McQueen/src/ros2_ws/build/safemc/install.log --single-version-externally-managed
[4.573s] running egg_info
[4.576s] writing ../build/safemc/safemc.egg-info/PKG-INFO
[4.578s] writing dependency_links to ../build/safemc/safemc.egg-info/dependency_links.txt
[4.579s] writing entry points to ../build/safemc/safemc.egg-info/entry_points.txt
[4.579s] writing requirements to ../build/safemc/safemc.egg-info/requires.txt
[4.580s] writing top-level names to ../build/safemc/safemc.egg-info/top_level.txt
[4.589s] reading manifest file '../build/safemc/safemc.egg-info/SOURCES.txt'
[4.594s] writing manifest file '../build/safemc/safemc.egg-info/SOURCES.txt'
[4.595s] running build
[4.595s] running build_py
[4.596s] copying safemc/camera_subscriber.py -> /home/inteli/project/Safe-McQueen/src/ros2_ws/build/safemc/build/lib/safemc
[4.597s] copying safemc/publisher_callback.py -> /home/inteli/project/Safe-McQueen/src/ros2_ws/build/safemc/build/lib/safemc
[4.598s] copying safemc/lidar.py -> /home/inteli/project/Safe-McQueen/src/ros2_ws/build/safemc/build/lib/safemc
[4.599s] copying safemc/auxiliar.py -> /home/inteli/project/Safe-McQueen/src/ros2_ws/build/safemc/build/lib/safemc
[4.600s] copying safemc/go2goal_example.py -> /home/inteli/project/Safe-McQueen/src/ros2_ws/build/safemc/build/lib/safemc
[4.601s] copying safemc/__init__.py -> /home/inteli/project/Safe-McQueen/src/ros2_ws/build/safemc/build/lib/safemc
[4.603s] copying safemc/stop.py -> /home/inteli/project/Safe-McQueen/src/ros2_ws/build/safemc/build/lib/safemc
[4.605s] copying safemc/error_handling.py -> /home/inteli/project/Safe-McQueen/src/ros2_ws/build/safemc/build/lib/safemc
[4.607s] copying safemc/build_goals.py -> /home/inteli/project/Safe-McQueen/src/ros2_ws/build/safemc/build/lib/safemc
[4.609s] copying safemc/listener_callback.py -> /home/inteli/project/Safe-McQueen/src/ros2_ws/build/safemc/build/lib/safemc
[4.611s] copying safemc/camera_publisher.py -> /home/inteli/project/Safe-McQueen/src/ros2_ws/build/safemc/build/lib/safemc
[4.615s] running install
[4.617s] /usr/lib/python3/dist-packages/setuptools/command/install.py:34: SetuptoolsDeprecationWarning: setup.py install is deprecated. Use build and pip and other standards-based tools.
[4.617s]   warnings.warn(
[4.618s] running install_lib
[4.622s] copying /home/inteli/project/Safe-McQueen/src/ros2_ws/build/safemc/build/lib/safemc/camera_subscriber.py -> /home/inteli/project/Safe-McQueen/src/ros2_ws/install/safemc/lib/python3.10/site-packages/safemc
[4.623s] copying /home/inteli/project/Safe-McQueen/src/ros2_ws/build/safemc/build/lib/safemc/publisher_callback.py -> /home/inteli/project/Safe-McQueen/src/ros2_ws/install/safemc/lib/python3.10/site-packages/safemc
[4.624s] copying /home/inteli/project/Safe-McQueen/src/ros2_ws/build/safemc/build/lib/safemc/lidar.py -> /home/inteli/project/Safe-McQueen/src/ros2_ws/install/safemc/lib/python3.10/site-packages/safemc
[4.625s] copying /home/inteli/project/Safe-McQueen/src/ros2_ws/build/safemc/build/lib/safemc/auxiliar.py -> /home/inteli/project/Safe-McQueen/src/ros2_ws/install/safemc/lib/python3.10/site-packages/safemc
[4.627s] copying /home/inteli/project/Safe-McQueen/src/ros2_ws/build/safemc/build/lib/safemc/go2goal_example.py -> /home/inteli/project/Safe-McQueen/src/ros2_ws/install/safemc/lib/python3.10/site-packages/safemc
[4.628s] copying /home/inteli/project/Safe-McQueen/src/ros2_ws/build/safemc/build/lib/safemc/__init__.py -> /home/inteli/project/Safe-McQueen/src/ros2_ws/install/safemc/lib/python3.10/site-packages/safemc
[4.629s] copying /home/inteli/project/Safe-McQueen/src/ros2_ws/build/safemc/build/lib/safemc/stop.py -> /home/inteli/project/Safe-McQueen/src/ros2_ws/install/safemc/lib/python3.10/site-packages/safemc
[4.630s] copying /home/inteli/project/Safe-McQueen/src/ros2_ws/build/safemc/build/lib/safemc/error_handling.py -> /home/inteli/project/Safe-McQueen/src/ros2_ws/install/safemc/lib/python3.10/site-packages/safemc
[4.631s] copying /home/inteli/project/Safe-McQueen/src/ros2_ws/build/safemc/build/lib/safemc/build_goals.py -> /home/inteli/project/Safe-McQueen/src/ros2_ws/install/safemc/lib/python3.10/site-packages/safemc
[4.632s] copying /home/inteli/project/Safe-McQueen/src/ros2_ws/build/safemc/build/lib/safemc/listener_callback.py -> /home/inteli/project/Safe-McQueen/src/ros2_ws/install/safemc/lib/python3.10/site-packages/safemc
[4.634s] copying /home/inteli/project/Safe-McQueen/src/ros2_ws/build/safemc/build/lib/safemc/camera_publisher.py -> /home/inteli/project/Safe-McQueen/src/ros2_ws/install/safemc/lib/python3.10/site-packages/safemc
[4.637s] byte-compiling /home/inteli/project/Safe-McQueen/src/ros2_ws/install/safemc/lib/python3.10/site-packages/safemc/camera_subscriber.py to camera_subscriber.cpython-310.pyc
[4.641s] byte-compiling /home/inteli/project/Safe-McQueen/src/ros2_ws/install/safemc/lib/python3.10/site-packages/safemc/publisher_callback.py to publisher_callback.cpython-310.pyc
[4.644s] byte-compiling /home/inteli/project/Safe-McQueen/src/ros2_ws/install/safemc/lib/python3.10/site-packages/safemc/lidar.py to lidar.cpython-310.pyc
[4.646s] byte-compiling /home/inteli/project/Safe-McQueen/src/ros2_ws/install/safemc/lib/python3.10/site-packages/safemc/auxiliar.py to auxiliar.cpython-310.pyc
[4.649s] byte-compiling /home/inteli/project/Safe-McQueen/src/ros2_ws/install/safemc/lib/python3.10/site-packages/safemc/go2goal_example.py to go2goal_example.cpython-310.pyc
[4.653s] byte-compiling /home/inteli/project/Safe-McQueen/src/ros2_ws/install/safemc/lib/python3.10/site-packages/safemc/__init__.py to __init__.cpython-310.pyc
[4.656s] byte-compiling /home/inteli/project/Safe-McQueen/src/ros2_ws/install/safemc/lib/python3.10/site-packages/safemc/stop.py to stop.cpython-310.pyc
[4.659s] byte-compiling /home/inteli/project/Safe-McQueen/src/ros2_ws/install/safemc/lib/python3.10/site-packages/safemc/error_handling.py to error_handling.cpython-310.pyc
[4.661s] byte-compiling /home/inteli/project/Safe-McQueen/src/ros2_ws/install/safemc/lib/python3.10/site-packages/safemc/build_goals.py to build_goals.cpython-310.pyc
[4.663s] byte-compiling /home/inteli/project/Safe-McQueen/src/ros2_ws/install/safemc/lib/python3.10/site-packages/safemc/listener_callback.py to listener_callback.cpython-310.pyc
[4.665s] byte-compiling /home/inteli/project/Safe-McQueen/src/ros2_ws/install/safemc/lib/python3.10/site-packages/safemc/camera_publisher.py to camera_publisher.cpython-310.pyc
[4.667s] running install_data
[4.670s] running install_egg_info
[4.676s] removing '/home/inteli/project/Safe-McQueen/src/ros2_ws/install/safemc/lib/python3.10/site-packages/safemc-0.0.0-py3.10.egg-info' (and everything under it)
[4.678s] Copying ../build/safemc/safemc.egg-info to /home/inteli/project/Safe-McQueen/src/ros2_ws/install/safemc/lib/python3.10/site-packages/safemc-0.0.0-py3.10.egg-info
[4.706s] running install_scripts
[4.793s] Installing go2goal script to /home/inteli/project/Safe-McQueen/src/ros2_ws/install/safemc/lib/safemc
[4.795s] Installing test script to /home/inteli/project/Safe-McQueen/src/ros2_ws/install/safemc/lib/safemc
[4.797s] writing list of installed files to '/home/inteli/project/Safe-McQueen/src/ros2_ws/build/safemc/install.log'
[4.917s] Invoked command in '/home/inteli/project/Safe-McQueen/src/ros2_ws/safemc' returned '0': PYTHONPATH=/home/inteli/project/Safe-McQueen/src/ros2_ws/build/safemc/prefix_override:/home/inteli/project/Safe-McQueen/src/ros2_ws/install/safemc/lib/python3.10/site-packages:${PYTHONPATH} /usr/bin/python3 setup.py egg_info --egg-base ../build/safemc build --build-base /home/inteli/project/Safe-McQueen/src/ros2_ws/build/safemc/build install --record /home/inteli/project/Safe-McQueen/src/ros2_ws/build/safemc/install.log --single-version-externally-managed
