running egg_info
writing ../build/safemc/safemc.egg-info/PKG-INFO
writing dependency_links to ../build/safemc/safemc.egg-info/dependency_links.txt
writing entry points to ../build/safemc/safemc.egg-info/entry_points.txt
writing requirements to ../build/safemc/safemc.egg-info/requires.txt
writing top-level names to ../build/safemc/safemc.egg-info/top_level.txt
reading manifest file '../build/safemc/safemc.egg-info/SOURCES.txt'
writing manifest file '../build/safemc/safemc.egg-info/SOURCES.txt'
running build
running build_py
running install
/usr/lib/python3/dist-packages/setuptools/command/install.py:34: SetuptoolsDeprecationWarning: setup.py install is deprecated. Use build and pip and other standards-based tools.
  warnings.warn(
running install_lib
running install_data
running install_egg_info
removing '/home/lukovsk/github/meus_repositorios/Safe-McQueen/src/ros2_ws/install/safemc/lib/python3.10/site-packages/safemc-0.0.0-py3.10.egg-info' (and everything under it)
Copying ../build/safemc/safemc.egg-info to /home/lukovsk/github/meus_repositorios/Safe-McQueen/src/ros2_ws/install/safemc/lib/python3.10/site-packages/safemc-0.0.0-py3.10.egg-info
running install_scripts
Installing go2goal script to /home/lukovsk/github/meus_repositorios/Safe-McQueen/src/ros2_ws/install/safemc/lib/safemc
Installing test script to /home/lukovsk/github/meus_repositorios/Safe-McQueen/src/ros2_ws/install/safemc/lib/safemc
writing list of installed files to '/home/lukovsk/github/meus_repositorios/Safe-McQueen/src/ros2_ws/build/safemc/install.log'
