[0.493s] Invoking command in '/home/lukovsk/github/meus_repositorios/Safe-McQueen/src/ros2_ws/safemc': PYTHONPATH=/home/lukovsk/github/meus_repositorios/Safe-McQueen/src/ros2_ws/build/safemc/prefix_override:/home/lukovsk/github/meus_repositorios/Safe-McQueen/src/ros2_ws/install/safemc/lib/python3.10/site-packages:${PYTHONPATH} /usr/bin/python3 setup.py egg_info --egg-base ../build/safemc build --build-base /home/lukovsk/github/meus_repositorios/Safe-McQueen/src/ros2_ws/build/safemc/build install --record /home/lukovsk/github/meus_repositorios/Safe-McQueen/src/ros2_ws/build/safemc/install.log --single-version-externally-managed
[0.690s] running egg_info
[0.691s] writing ../build/safemc/safemc.egg-info/PKG-INFO
[0.691s] writing dependency_links to ../build/safemc/safemc.egg-info/dependency_links.txt
[0.691s] writing entry points to ../build/safemc/safemc.egg-info/entry_points.txt
[0.691s] writing requirements to ../build/safemc/safemc.egg-info/requires.txt
[0.691s] writing top-level names to ../build/safemc/safemc.egg-info/top_level.txt
[0.693s] reading manifest file '../build/safemc/safemc.egg-info/SOURCES.txt'
[0.694s] writing manifest file '../build/safemc/safemc.egg-info/SOURCES.txt'
[0.694s] running build
[0.694s] running build_py
[0.695s] running install
[0.695s] /usr/lib/python3/dist-packages/setuptools/command/install.py:34: SetuptoolsDeprecationWarning: setup.py install is deprecated. Use build and pip and other standards-based tools.
[0.695s]   warnings.warn(
[0.695s] running install_lib
[0.697s] running install_data
[0.697s] running install_egg_info
[0.699s] removing '/home/lukovsk/github/meus_repositorios/Safe-McQueen/src/ros2_ws/install/safemc/lib/python3.10/site-packages/safemc-0.0.0-py3.10.egg-info' (and everything under it)
[0.700s] Copying ../build/safemc/safemc.egg-info to /home/lukovsk/github/meus_repositorios/Safe-McQueen/src/ros2_ws/install/safemc/lib/python3.10/site-packages/safemc-0.0.0-py3.10.egg-info
[0.701s] running install_scripts
[0.717s] Installing go2goal script to /home/lukovsk/github/meus_repositorios/Safe-McQueen/src/ros2_ws/install/safemc/lib/safemc
[0.717s] Installing test script to /home/lukovsk/github/meus_repositorios/Safe-McQueen/src/ros2_ws/install/safemc/lib/safemc
[0.717s] writing list of installed files to '/home/lukovsk/github/meus_repositorios/Safe-McQueen/src/ros2_ws/build/safemc/install.log'
[0.739s] Invoked command in '/home/lukovsk/github/meus_repositorios/Safe-McQueen/src/ros2_ws/safemc' returned '0': PYTHONPATH=/home/lukovsk/github/meus_repositorios/Safe-McQueen/src/ros2_ws/build/safemc/prefix_override:/home/lukovsk/github/meus_repositorios/Safe-McQueen/src/ros2_ws/install/safemc/lib/python3.10/site-packages:${PYTHONPATH} /usr/bin/python3 setup.py egg_info --egg-base ../build/safemc build --build-base /home/lukovsk/github/meus_repositorios/Safe-McQueen/src/ros2_ws/build/safemc/build install --record /home/lukovsk/github/meus_repositorios/Safe-McQueen/src/ros2_ws/build/safemc/install.log --single-version-externally-managed
