running egg_info
creating ../build/safemc/safemc.egg-info
writing ../build/safemc/safemc.egg-info/PKG-INFO
writing dependency_links to ../build/safemc/safemc.egg-info/dependency_links.txt
writing entry points to ../build/safemc/safemc.egg-info/entry_points.txt
writing requirements to ../build/safemc/safemc.egg-info/requires.txt
writing top-level names to ../build/safemc/safemc.egg-info/top_level.txt
writing manifest file '../build/safemc/safemc.egg-info/SOURCES.txt'
reading manifest file '../build/safemc/safemc.egg-info/SOURCES.txt'
writing manifest file '../build/safemc/safemc.egg-info/SOURCES.txt'
running build
running build_py
creating /home/lukovsk/github/meus_repositorios/Safe-McQueen/src/ros2_ws/build/safemc/build
creating /home/lukovsk/github/meus_repositorios/Safe-McQueen/src/ros2_ws/build/safemc/build/lib
creating /home/lukovsk/github/meus_repositorios/Safe-McQueen/src/ros2_ws/build/safemc/build/lib/safemc
copying safemc/__init__.py -> /home/lukovsk/github/meus_repositorios/Safe-McQueen/src/ros2_ws/build/safemc/build/lib/safemc
copying safemc/publisher_callback.py -> /home/lukovsk/github/meus_repositorios/Safe-McQueen/src/ros2_ws/build/safemc/build/lib/safemc
copying safemc/camera_publisher.py -> /home/lukovsk/github/meus_repositorios/Safe-McQueen/src/ros2_ws/build/safemc/build/lib/safemc
copying safemc/build_goals.py -> /home/lukovsk/github/meus_repositorios/Safe-McQueen/src/ros2_ws/build/safemc/build/lib/safemc
copying safemc/auxiliar.py -> /home/lukovsk/github/meus_repositorios/Safe-McQueen/src/ros2_ws/build/safemc/build/lib/safemc
copying safemc/stop.py -> /home/lukovsk/github/meus_repositorios/Safe-McQueen/src/ros2_ws/build/safemc/build/lib/safemc
copying safemc/go2goal_example.py -> /home/lukovsk/github/meus_repositorios/Safe-McQueen/src/ros2_ws/build/safemc/build/lib/safemc
copying safemc/lidar.py -> /home/lukovsk/github/meus_repositorios/Safe-McQueen/src/ros2_ws/build/safemc/build/lib/safemc
copying safemc/listener_callback.py -> /home/lukovsk/github/meus_repositorios/Safe-McQueen/src/ros2_ws/build/safemc/build/lib/safemc
copying safemc/camera_subscriber.py -> /home/lukovsk/github/meus_repositorios/Safe-McQueen/src/ros2_ws/build/safemc/build/lib/safemc
copying safemc/error_handling.py -> /home/lukovsk/github/meus_repositorios/Safe-McQueen/src/ros2_ws/build/safemc/build/lib/safemc
running install
running install_lib
creating /home/lukovsk/github/meus_repositorios/Safe-McQueen/src/ros2_ws/install/safemc/lib/python3.10/site-packages/safemc
copying /home/lukovsk/github/meus_repositorios/Safe-McQueen/src/ros2_ws/build/safemc/build/lib/safemc/__init__.py -> /home/lukovsk/github/meus_repositorios/Safe-McQueen/src/ros2_ws/install/safemc/lib/python3.10/site-packages/safemc
copying /home/lukovsk/github/meus_repositorios/Safe-McQueen/src/ros2_ws/build/safemc/build/lib/safemc/publisher_callback.py -> /home/lukovsk/github/meus_repositorios/Safe-McQueen/src/ros2_ws/install/safemc/lib/python3.10/site-packages/safemc
copying /home/lukovsk/github/meus_repositorios/Safe-McQueen/src/ros2_ws/build/safemc/build/lib/safemc/camera_publisher.py -> /home/lukovsk/github/meus_repositorios/Safe-McQueen/src/ros2_ws/install/safemc/lib/python3.10/site-packages/safemc
copying /home/lukovsk/github/meus_repositorios/Safe-McQueen/src/ros2_ws/build/safemc/build/lib/safemc/build_goals.py -> /home/lukovsk/github/meus_repositorios/Safe-McQueen/src/ros2_ws/install/safemc/lib/python3.10/site-packages/safemc
copying /home/lukovsk/github/meus_repositorios/Safe-McQueen/src/ros2_ws/build/safemc/build/lib/safemc/auxiliar.py -> /home/lukovsk/github/meus_repositorios/Safe-McQueen/src/ros2_ws/install/safemc/lib/python3.10/site-packages/safemc
copying /home/lukovsk/github/meus_repositorios/Safe-McQueen/src/ros2_ws/build/safemc/build/lib/safemc/stop.py -> /home/lukovsk/github/meus_repositorios/Safe-McQueen/src/ros2_ws/install/safemc/lib/python3.10/site-packages/safemc
copying /home/lukovsk/github/meus_repositorios/Safe-McQueen/src/ros2_ws/build/safemc/build/lib/safemc/go2goal_example.py -> /home/lukovsk/github/meus_repositorios/Safe-McQueen/src/ros2_ws/install/safemc/lib/python3.10/site-packages/safemc
copying /home/lukovsk/github/meus_repositorios/Safe-McQueen/src/ros2_ws/build/safemc/build/lib/safemc/lidar.py -> /home/lukovsk/github/meus_repositorios/Safe-McQueen/src/ros2_ws/install/safemc/lib/python3.10/site-packages/safemc
copying /home/lukovsk/github/meus_repositorios/Safe-McQueen/src/ros2_ws/build/safemc/build/lib/safemc/listener_callback.py -> /home/lukovsk/github/meus_repositorios/Safe-McQueen/src/ros2_ws/install/safemc/lib/python3.10/site-packages/safemc
copying /home/lukovsk/github/meus_repositorios/Safe-McQueen/src/ros2_ws/build/safemc/build/lib/safemc/camera_subscriber.py -> /home/lukovsk/github/meus_repositorios/Safe-McQueen/src/ros2_ws/install/safemc/lib/python3.10/site-packages/safemc
copying /home/lukovsk/github/meus_repositorios/Safe-McQueen/src/ros2_ws/build/safemc/build/lib/safemc/error_handling.py -> /home/lukovsk/github/meus_repositorios/Safe-McQueen/src/ros2_ws/install/safemc/lib/python3.10/site-packages/safemc
byte-compiling /home/lukovsk/github/meus_repositorios/Safe-McQueen/src/ros2_ws/install/safemc/lib/python3.10/site-packages/safemc/__init__.py to __init__.cpython-310.pyc
byte-compiling /home/lukovsk/github/meus_repositorios/Safe-McQueen/src/ros2_ws/install/safemc/lib/python3.10/site-packages/safemc/publisher_callback.py to publisher_callback.cpython-310.pyc
byte-compiling /home/lukovsk/github/meus_repositorios/Safe-McQueen/src/ros2_ws/install/safemc/lib/python3.10/site-packages/safemc/camera_publisher.py to camera_publisher.cpython-310.pyc
byte-compiling /home/lukovsk/github/meus_repositorios/Safe-McQueen/src/ros2_ws/install/safemc/lib/python3.10/site-packages/safemc/build_goals.py to build_goals.cpython-310.pyc
byte-compiling /home/lukovsk/github/meus_repositorios/Safe-McQueen/src/ros2_ws/install/safemc/lib/python3.10/site-packages/safemc/auxiliar.py to auxiliar.cpython-310.pyc
byte-compiling /home/lukovsk/github/meus_repositorios/Safe-McQueen/src/ros2_ws/install/safemc/lib/python3.10/site-packages/safemc/stop.py to stop.cpython-310.pyc
byte-compiling /home/lukovsk/github/meus_repositorios/Safe-McQueen/src/ros2_ws/install/safemc/lib/python3.10/site-packages/safemc/go2goal_example.py to go2goal_example.cpython-310.pyc
byte-compiling /home/lukovsk/github/meus_repositorios/Safe-McQueen/src/ros2_ws/install/safemc/lib/python3.10/site-packages/safemc/lidar.py to lidar.cpython-310.pyc
byte-compiling /home/lukovsk/github/meus_repositorios/Safe-McQueen/src/ros2_ws/install/safemc/lib/python3.10/site-packages/safemc/listener_callback.py to listener_callback.cpython-310.pyc
byte-compiling /home/lukovsk/github/meus_repositorios/Safe-McQueen/src/ros2_ws/install/safemc/lib/python3.10/site-packages/safemc/camera_subscriber.py to camera_subscriber.cpython-310.pyc
byte-compiling /home/lukovsk/github/meus_repositorios/Safe-McQueen/src/ros2_ws/install/safemc/lib/python3.10/site-packages/safemc/error_handling.py to error_handling.cpython-310.pyc
running install_data
creating /home/lukovsk/github/meus_repositorios/Safe-McQueen/src/ros2_ws/install/safemc/share/ament_index
creating /home/lukovsk/github/meus_repositorios/Safe-McQueen/src/ros2_ws/install/safemc/share/ament_index/resource_index
creating /home/lukovsk/github/meus_repositorios/Safe-McQueen/src/ros2_ws/install/safemc/share/ament_index/resource_index/packages
copying resource/safemc -> /home/lukovsk/github/meus_repositorios/Safe-McQueen/src/ros2_ws/install/safemc/share/ament_index/resource_index/packages
copying package.xml -> /home/lukovsk/github/meus_repositorios/Safe-McQueen/src/ros2_ws/install/safemc/share/safemc
running install_egg_info
Copying ../build/safemc/safemc.egg-info to /home/lukovsk/github/meus_repositorios/Safe-McQueen/src/ros2_ws/install/safemc/lib/python3.10/site-packages/safemc-0.0.0-py3.10.egg-info
running install_scripts
Installing go2goal script to /home/lukovsk/github/meus_repositorios/Safe-McQueen/src/ros2_ws/install/safemc/lib/safemc
Installing test script to /home/lukovsk/github/meus_repositorios/Safe-McQueen/src/ros2_ws/install/safemc/lib/safemc
writing list of installed files to '/home/lukovsk/github/meus_repositorios/Safe-McQueen/src/ros2_ws/build/safemc/install.log'
