[2.980s] Invoking command in '/home/inteli/project/Safe-McQueen/src/ros2_ws/safemc': PYTHONPATH=/home/inteli/project/Safe-McQueen/src/ros2_ws/build/safemc/prefix_override:/home/inteli/project/Safe-McQueen/src/ros2_ws/install/safemc/lib/python3.10/site-packages:${PYTHONPATH} /usr/bin/python3 setup.py egg_info --egg-base ../build/safemc build --build-base /home/inteli/project/Safe-McQueen/src/ros2_ws/build/safemc/build install --record /home/inteli/project/Safe-McQueen/src/ros2_ws/build/safemc/install.log --single-version-externally-managed
[4.135s] running egg_info
[4.137s] writing ../build/safemc/safemc.egg-info/PKG-INFO
[4.141s] writing dependency_links to ../build/safemc/safemc.egg-info/dependency_links.txt
[4.142s] writing entry points to ../build/safemc/safemc.egg-info/entry_points.txt
[4.142s] writing requirements to ../build/safemc/safemc.egg-info/requires.txt
[4.148s] writing top-level names to ../build/safemc/safemc.egg-info/top_level.txt
[4.151s] reading manifest file '../build/safemc/safemc.egg-info/SOURCES.txt'
[4.157s] writing manifest file '../build/safemc/safemc.egg-info/SOURCES.txt'
[4.157s] running build
[4.157s] running build_py
[4.158s] copying safemc/go2goal_example.py -> /home/inteli/project/Safe-McQueen/src/ros2_ws/build/safemc/build/lib/safemc
[4.162s] running install
[4.162s] /usr/lib/python3/dist-packages/setuptools/command/install.py:34: SetuptoolsDeprecationWarning: setup.py install is deprecated. Use build and pip and other standards-based tools.
[4.163s]   warnings.warn(
[4.163s] running install_lib
[4.168s] copying /home/inteli/project/Safe-McQueen/src/ros2_ws/build/safemc/build/lib/safemc/go2goal_example.py -> /home/inteli/project/Safe-McQueen/src/ros2_ws/install/safemc/lib/python3.10/site-packages/safemc
[4.172s] byte-compiling /home/inteli/project/Safe-McQueen/src/ros2_ws/install/safemc/lib/python3.10/site-packages/safemc/go2goal_example.py to go2goal_example.cpython-310.pyc
[4.176s] running install_data
[4.179s] running install_egg_info
[4.185s] removing '/home/inteli/project/Safe-McQueen/src/ros2_ws/install/safemc/lib/python3.10/site-packages/safemc-0.0.0-py3.10.egg-info' (and everything under it)
[4.187s] Copying ../build/safemc/safemc.egg-info to /home/inteli/project/Safe-McQueen/src/ros2_ws/install/safemc/lib/python3.10/site-packages/safemc-0.0.0-py3.10.egg-info
[4.192s] running install_scripts
[4.273s] Installing go2goal script to /home/inteli/project/Safe-McQueen/src/ros2_ws/install/safemc/lib/safemc
[4.273s] Installing test script to /home/inteli/project/Safe-McQueen/src/ros2_ws/install/safemc/lib/safemc
[4.276s] writing list of installed files to '/home/inteli/project/Safe-McQueen/src/ros2_ws/build/safemc/install.log'
[4.396s] Invoked command in '/home/inteli/project/Safe-McQueen/src/ros2_ws/safemc' returned '0': PYTHONPATH=/home/inteli/project/Safe-McQueen/src/ros2_ws/build/safemc/prefix_override:/home/inteli/project/Safe-McQueen/src/ros2_ws/install/safemc/lib/python3.10/site-packages:${PYTHONPATH} /usr/bin/python3 setup.py egg_info --egg-base ../build/safemc build --build-base /home/inteli/project/Safe-McQueen/src/ros2_ws/build/safemc/build install --record /home/inteli/project/Safe-McQueen/src/ros2_ws/build/safemc/install.log --single-version-externally-managed
