[2.162s] DEBUG:colcon:Command line arguments: ['/usr/bin/colcon', 'build', '--packages-select', 'safemc']
[2.162s] DEBUG:colcon:Parsed command line arguments: Namespace(log_base=None, log_level=None, verb_name='build', build_base='build', install_base='install', merge_install=False, symlink_install=False, test_result_base=None, continue_on_error=False, executor='parallel', parallel_workers=4, event_handlers=None, ignore_user_meta=False, metas=['./colcon.meta'], base_paths=['.'], packages_ignore=None, packages_ignore_regex=None, paths=None, packages_up_to=None, packages_up_to_regex=None, packages_above=None, packages_above_and_dependencies=None, packages_above_depth=None, packages_select_by_dep=None, packages_skip_by_dep=None, packages_skip_up_to=None, packages_select_build_failed=False, packages_skip_build_finished=False, packages_select_test_failures=False, packages_skip_test_passed=False, packages_select=['safemc'], packages_skip=None, packages_select_regex=None, packages_skip_regex=None, packages_start=None, packages_end=None, allow_overriding=[], cmake_args=None, cmake_target=None, cmake_target_skip_unavailable=False, cmake_clean_cache=False, cmake_clean_first=False, cmake_force_configure=False, ament_cmake_args=None, catkin_cmake_args=None, catkin_skip_building_tests=False, verb_parser=<colcon_defaults.argument_parser.defaults.DefaultArgumentsDecorator object at 0xffffb7f63b50>, verb_extension=<colcon_core.verb.build.BuildVerb object at 0xffffb8843490>, main=<bound method BuildVerb.main of <colcon_core.verb.build.BuildVerb object at 0xffffb8843490>>)
[2.299s] Level 1:colcon.colcon_core.package_discovery:discover_packages(colcon_meta) check parameters
[2.300s] Level 1:colcon.colcon_core.package_discovery:discover_packages(recursive) check parameters
[2.300s] Level 1:colcon.colcon_core.package_discovery:discover_packages(ignore) check parameters
[2.300s] Level 1:colcon.colcon_core.package_discovery:discover_packages(path) check parameters
[2.300s] Level 1:colcon.colcon_core.package_discovery:discover_packages(colcon_meta) discover
[2.300s] Level 1:colcon.colcon_core.package_discovery:discover_packages(recursive) discover
[2.301s] INFO:colcon.colcon_core.package_discovery:Crawling recursively for packages in '/home/inteli/project/Safe-McQueen/src/ros2_ws'
[2.301s] Level 1:colcon.colcon_core.package_identification:_identify(.) by extensions ['ignore', 'ignore_ament_install']
[2.301s] Level 1:colcon.colcon_core.package_identification:_identify(.) by extension 'ignore'
[2.302s] Level 1:colcon.colcon_core.package_identification:_identify(.) by extension 'ignore_ament_install'
[2.302s] Level 1:colcon.colcon_core.package_identification:_identify(.) by extensions ['colcon_pkg']
[2.302s] Level 1:colcon.colcon_core.package_identification:_identify(.) by extension 'colcon_pkg'
[2.302s] Level 1:colcon.colcon_core.package_identification:_identify(.) by extensions ['colcon_meta']
[2.302s] Level 1:colcon.colcon_core.package_identification:_identify(.) by extension 'colcon_meta'
[2.303s] Level 1:colcon.colcon_core.package_identification:_identify(.) by extensions ['ros']
[2.303s] Level 1:colcon.colcon_core.package_identification:_identify(.) by extension 'ros'
[2.350s] Level 1:colcon.colcon_core.package_identification:_identify(.) by extensions ['cmake', 'python']
[2.350s] Level 1:colcon.colcon_core.package_identification:_identify(.) by extension 'cmake'
[2.350s] Level 1:colcon.colcon_core.package_identification:_identify(.) by extension 'python'
[2.350s] Level 1:colcon.colcon_core.package_identification:_identify(.) by extensions ['python_setup_py']
[2.351s] Level 1:colcon.colcon_core.package_identification:_identify(.) by extension 'python_setup_py'
[2.351s] Level 1:colcon.colcon_core.package_identification:_identify(build) by extensions ['ignore', 'ignore_ament_install']
[2.352s] Level 1:colcon.colcon_core.package_identification:_identify(build) by extension 'ignore'
[2.352s] Level 1:colcon.colcon_core.package_identification:_identify(build) ignored
[2.353s] Level 1:colcon.colcon_core.package_identification:_identify(install) by extensions ['ignore', 'ignore_ament_install']
[2.353s] Level 1:colcon.colcon_core.package_identification:_identify(install) by extension 'ignore'
[2.354s] Level 1:colcon.colcon_core.package_identification:_identify(install) ignored
[2.354s] Level 1:colcon.colcon_core.package_identification:_identify(log) by extensions ['ignore', 'ignore_ament_install']
[2.355s] Level 1:colcon.colcon_core.package_identification:_identify(log) by extension 'ignore'
[2.355s] Level 1:colcon.colcon_core.package_identification:_identify(log) ignored
[2.356s] Level 1:colcon.colcon_core.package_identification:_identify(safemc) by extensions ['ignore', 'ignore_ament_install']
[2.356s] Level 1:colcon.colcon_core.package_identification:_identify(safemc) by extension 'ignore'
[2.356s] Level 1:colcon.colcon_core.package_identification:_identify(safemc) by extension 'ignore_ament_install'
[2.356s] Level 1:colcon.colcon_core.package_identification:_identify(safemc) by extensions ['colcon_pkg']
[2.357s] Level 1:colcon.colcon_core.package_identification:_identify(safemc) by extension 'colcon_pkg'
[2.357s] Level 1:colcon.colcon_core.package_identification:_identify(safemc) by extensions ['colcon_meta']
[2.357s] Level 1:colcon.colcon_core.package_identification:_identify(safemc) by extension 'colcon_meta'
[2.357s] Level 1:colcon.colcon_core.package_identification:_identify(safemc) by extensions ['ros']
[2.357s] Level 1:colcon.colcon_core.package_identification:_identify(safemc) by extension 'ros'
[2.366s] DEBUG:colcon.colcon_core.package_identification:Package 'safemc' with type 'ros.ament_python' and name 'safemc'
[2.366s] Level 1:colcon.colcon_core.package_discovery:discover_packages(recursive) using defaults
[2.367s] Level 1:colcon.colcon_core.package_discovery:discover_packages(ignore) discover
[2.367s] Level 1:colcon.colcon_core.package_discovery:discover_packages(ignore) using defaults
[2.367s] Level 1:colcon.colcon_core.package_discovery:discover_packages(path) discover
[2.367s] Level 1:colcon.colcon_core.package_discovery:discover_packages(path) using defaults
[2.462s] Level 1:colcon.colcon_core.package_discovery:discover_packages(prefix_path) check parameters
[2.462s] Level 1:colcon.colcon_core.package_discovery:discover_packages(prefix_path) discover
[2.474s] DEBUG:colcon.colcon_installed_package_information.package_discovery:Found 1 installed packages in /home/inteli/project/Safe-McQueen/src/ros2_ws/install
[2.479s] DEBUG:colcon.colcon_installed_package_information.package_discovery:Found 2 installed packages in /home/inteli/turtlebot3_ws/install
[2.491s] DEBUG:colcon.colcon_installed_package_information.package_discovery:Found 337 installed packages in /opt/ros/humble
[2.500s] Level 1:colcon.colcon_core.package_discovery:discover_packages(prefix_path) using defaults
[2.808s] Level 5:colcon.colcon_core.verb:set package 'safemc' build argument 'cmake_args' from command line to 'None'
[2.808s] Level 5:colcon.colcon_core.verb:set package 'safemc' build argument 'cmake_target' from command line to 'None'
[2.808s] Level 5:colcon.colcon_core.verb:set package 'safemc' build argument 'cmake_target_skip_unavailable' from command line to 'False'
[2.808s] Level 5:colcon.colcon_core.verb:set package 'safemc' build argument 'cmake_clean_cache' from command line to 'False'
[2.809s] Level 5:colcon.colcon_core.verb:set package 'safemc' build argument 'cmake_clean_first' from command line to 'False'
[2.809s] Level 5:colcon.colcon_core.verb:set package 'safemc' build argument 'cmake_force_configure' from command line to 'False'
[2.809s] Level 5:colcon.colcon_core.verb:set package 'safemc' build argument 'ament_cmake_args' from command line to 'None'
[2.809s] Level 5:colcon.colcon_core.verb:set package 'safemc' build argument 'catkin_cmake_args' from command line to 'None'
[2.809s] Level 5:colcon.colcon_core.verb:set package 'safemc' build argument 'catkin_skip_building_tests' from command line to 'False'
[2.809s] DEBUG:colcon.colcon_core.verb:Building package 'safemc' with the following arguments: {'ament_cmake_args': None, 'build_base': '/home/inteli/project/Safe-McQueen/src/ros2_ws/build/safemc', 'catkin_cmake_args': None, 'catkin_skip_building_tests': False, 'cmake_args': None, 'cmake_clean_cache': False, 'cmake_clean_first': False, 'cmake_force_configure': False, 'cmake_target': None, 'cmake_target_skip_unavailable': False, 'install_base': '/home/inteli/project/Safe-McQueen/src/ros2_ws/install/safemc', 'merge_install': False, 'path': '/home/inteli/project/Safe-McQueen/src/ros2_ws/safemc', 'symlink_install': False, 'test_result_base': None}
[2.812s] INFO:colcon.colcon_core.executor:Executing jobs using 'parallel' executor
[2.825s] DEBUG:colcon.colcon_parallel_executor.executor.parallel:run_until_complete
[2.826s] INFO:colcon.colcon_ros.task.ament_python.build:Building ROS package in '/home/inteli/project/Safe-McQueen/src/ros2_ws/safemc' with build type 'ament_python'
[2.827s] Level 1:colcon.colcon_core.shell:create_environment_hook('safemc', 'ament_prefix_path')
[2.847s] INFO:colcon.colcon_core.plugin_system:Skipping extension 'colcon_core.shell.bat': Not used on non-Windows systems
[2.848s] INFO:colcon.colcon_core.shell:Creating environment hook '/home/inteli/project/Safe-McQueen/src/ros2_ws/install/safemc/share/safemc/hook/ament_prefix_path.ps1'
[2.850s] INFO:colcon.colcon_core.shell:Creating environment descriptor '/home/inteli/project/Safe-McQueen/src/ros2_ws/install/safemc/share/safemc/hook/ament_prefix_path.dsv'
[2.852s] INFO:colcon.colcon_core.shell:Creating environment hook '/home/inteli/project/Safe-McQueen/src/ros2_ws/install/safemc/share/safemc/hook/ament_prefix_path.sh'
[2.861s] INFO:colcon.colcon_core.shell:Skip shell extension 'powershell' for command environment: Not usable outside of PowerShell
[2.861s] DEBUG:colcon.colcon_core.shell:Skip shell extension 'dsv' for command environment
[4.105s] INFO:colcon.colcon_core.task.python.build:Building Python package in '/home/inteli/project/Safe-McQueen/src/ros2_ws/safemc'
[4.112s] INFO:colcon.colcon_core.shell:Skip shell extension 'powershell' for command environment: Not usable outside of PowerShell
[4.112s] DEBUG:colcon.colcon_core.shell:Skip shell extension 'dsv' for command environment
[5.810s] DEBUG:colcon.colcon_core.event_handler.log_command:Invoking command in '/home/inteli/project/Safe-McQueen/src/ros2_ws/safemc': PYTHONPATH=/home/inteli/project/Safe-McQueen/src/ros2_ws/build/safemc/prefix_override:/home/inteli/project/Safe-McQueen/src/ros2_ws/install/safemc/lib/python3.10/site-packages:${PYTHONPATH} /usr/bin/python3 setup.py egg_info --egg-base ../build/safemc build --build-base /home/inteli/project/Safe-McQueen/src/ros2_ws/build/safemc/build install --record /home/inteli/project/Safe-McQueen/src/ros2_ws/build/safemc/install.log --single-version-externally-managed
[7.226s] DEBUG:colcon.colcon_core.event_handler.log_command:Invoked command in '/home/inteli/project/Safe-McQueen/src/ros2_ws/safemc' returned '0': PYTHONPATH=/home/inteli/project/Safe-McQueen/src/ros2_ws/build/safemc/prefix_override:/home/inteli/project/Safe-McQueen/src/ros2_ws/install/safemc/lib/python3.10/site-packages:${PYTHONPATH} /usr/bin/python3 setup.py egg_info --egg-base ../build/safemc build --build-base /home/inteli/project/Safe-McQueen/src/ros2_ws/build/safemc/build install --record /home/inteli/project/Safe-McQueen/src/ros2_ws/build/safemc/install.log --single-version-externally-managed
[7.244s] Level 1:colcon.colcon_core.environment:checking '/home/inteli/project/Safe-McQueen/src/ros2_ws/install/safemc' for CMake module files
[7.247s] Level 1:colcon.colcon_core.environment:checking '/home/inteli/project/Safe-McQueen/src/ros2_ws/install/safemc' for CMake config files
[7.251s] Level 1:colcon.colcon_core.environment:checking '/home/inteli/project/Safe-McQueen/src/ros2_ws/install/safemc/lib'
[7.252s] Level 1:colcon.colcon_core.environment:checking '/home/inteli/project/Safe-McQueen/src/ros2_ws/install/safemc/bin'
[7.253s] Level 1:colcon.colcon_core.environment:checking '/home/inteli/project/Safe-McQueen/src/ros2_ws/install/safemc/lib/pkgconfig/safemc.pc'
[7.255s] Level 1:colcon.colcon_core.environment:checking '/home/inteli/project/Safe-McQueen/src/ros2_ws/install/safemc/lib/python3.10/site-packages'
[7.255s] Level 1:colcon.colcon_core.shell:create_environment_hook('safemc', 'pythonpath')
[7.260s] INFO:colcon.colcon_core.shell:Creating environment hook '/home/inteli/project/Safe-McQueen/src/ros2_ws/install/safemc/share/safemc/hook/pythonpath.ps1'
[7.262s] INFO:colcon.colcon_core.shell:Creating environment descriptor '/home/inteli/project/Safe-McQueen/src/ros2_ws/install/safemc/share/safemc/hook/pythonpath.dsv'
[7.264s] INFO:colcon.colcon_core.shell:Creating environment hook '/home/inteli/project/Safe-McQueen/src/ros2_ws/install/safemc/share/safemc/hook/pythonpath.sh'
[7.266s] Level 1:colcon.colcon_core.environment:checking '/home/inteli/project/Safe-McQueen/src/ros2_ws/install/safemc/bin'
[7.267s] Level 1:colcon.colcon_core.environment:create_environment_scripts_only(safemc)
[7.272s] INFO:colcon.colcon_core.shell:Creating package script '/home/inteli/project/Safe-McQueen/src/ros2_ws/install/safemc/share/safemc/package.ps1'
[7.277s] INFO:colcon.colcon_core.shell:Creating package descriptor '/home/inteli/project/Safe-McQueen/src/ros2_ws/install/safemc/share/safemc/package.dsv'
[7.280s] INFO:colcon.colcon_core.shell:Creating package script '/home/inteli/project/Safe-McQueen/src/ros2_ws/install/safemc/share/safemc/package.sh'
[7.284s] INFO:colcon.colcon_core.shell:Creating package script '/home/inteli/project/Safe-McQueen/src/ros2_ws/install/safemc/share/safemc/package.bash'
[7.288s] INFO:colcon.colcon_core.shell:Creating package script '/home/inteli/project/Safe-McQueen/src/ros2_ws/install/safemc/share/safemc/package.zsh'
[7.291s] Level 1:colcon.colcon_core.environment:create_file_with_runtime_dependencies(/home/inteli/project/Safe-McQueen/src/ros2_ws/install/safemc/share/colcon-core/packages/safemc)
[7.292s] DEBUG:colcon.colcon_parallel_executor.executor.parallel:closing loop
[7.294s] DEBUG:colcon.colcon_parallel_executor.executor.parallel:loop closed
[7.295s] DEBUG:colcon.colcon_parallel_executor.executor.parallel:run_until_complete finished with '0'
[7.296s] DEBUG:colcon.colcon_core.event_reactor:joining thread
[7.321s] INFO:colcon.colcon_core.plugin_system:Skipping extension 'colcon_notification.desktop_notification.notify_send': Could not find 'notify-send'
[7.322s] INFO:colcon.colcon_core.plugin_system:Skipping extension 'colcon_notification.desktop_notification.terminal_notifier': Not used on non-Darwin systems
[7.322s] INFO:colcon.colcon_core.plugin_system:Skipping extension 'colcon_notification.desktop_notification.win32': Not used on non-Windows systems
[7.322s] INFO:colcon.colcon_notification.desktop_notification:Sending desktop notification using 'notify2'
[7.325s] DEBUG:colcon.colcon_notification.desktop_notification.notify2:Failed to initialize notify2: org.freedesktop.DBus.Error.ServiceUnknown: The name org.freedesktop.Notifications was not provided by any .service files
[7.326s] DEBUG:colcon.colcon_core.event_reactor:joined thread
[7.331s] INFO:colcon.colcon_core.shell:Creating prefix script '/home/inteli/project/Safe-McQueen/src/ros2_ws/install/local_setup.ps1'
[7.335s] INFO:colcon.colcon_core.shell:Creating prefix util module '/home/inteli/project/Safe-McQueen/src/ros2_ws/install/_local_setup_util_ps1.py'
[7.340s] INFO:colcon.colcon_core.shell:Creating prefix chain script '/home/inteli/project/Safe-McQueen/src/ros2_ws/install/setup.ps1'
[7.346s] INFO:colcon.colcon_core.shell:Creating prefix script '/home/inteli/project/Safe-McQueen/src/ros2_ws/install/local_setup.sh'
[7.349s] INFO:colcon.colcon_core.shell:Creating prefix util module '/home/inteli/project/Safe-McQueen/src/ros2_ws/install/_local_setup_util_sh.py'
[7.351s] INFO:colcon.colcon_core.shell:Creating prefix chain script '/home/inteli/project/Safe-McQueen/src/ros2_ws/install/setup.sh'
[7.358s] INFO:colcon.colcon_core.shell:Creating prefix script '/home/inteli/project/Safe-McQueen/src/ros2_ws/install/local_setup.bash'
[7.362s] INFO:colcon.colcon_core.shell:Creating prefix chain script '/home/inteli/project/Safe-McQueen/src/ros2_ws/install/setup.bash'
[7.368s] INFO:colcon.colcon_core.shell:Creating prefix script '/home/inteli/project/Safe-McQueen/src/ros2_ws/install/local_setup.zsh'
[7.370s] INFO:colcon.colcon_core.shell:Creating prefix chain script '/home/inteli/project/Safe-McQueen/src/ros2_ws/install/setup.zsh'
